\processing_files\tmp48lboz0s.pdf after all retries.
PS C:\Users\Mostafa\Downloads\BackEnd (Restrycterd+newENdPoints)\BackEnd> python run.py
 * Serving Flask app 'app'
 * Debug mode: on
WARNING: This is a development server. Do not use it in a production deployment. Use a production WSGI server instead.
 * Running on all addresses (0.0.0.0)
 * Running on http://127.0.0.1:5000
 * Running on http://192.168.1.3:5000
Press CTRL+C to quit
127.0.0.1 - - [30/Nov/2025 16:47:37] "OPTIONS /analyze HTTP/1.1" 200 -
Attempting to download from URL: https://res.cloudinary.com/dr6jicgld/image/upload/v1764514059/shariaa_analyzer_uploads/d0293699-cf05-4ca3-b40e-ab85e985bb35/original_contracts/original_qd_by_syr_1cf111.pdf
File successfully downloaded to temporary path: C:\Users\Mostafa\AppData\Local\Temp\shariaa_analyzer_temp\processing_files\tmpubmt5x7e.pdf
[2025-11-30 16:47:57] [INFO] [app.services.file_search] FileSearchService initialized using API Key: ****5NAk
[2025-11-30 16:47:57] [INFO] [app.services.file_search] Model: gemini-2.5-flash
[2025-11-30 16:47:57] [INFO] [app.services.file_search] ============================================================
[2025-11-30 16:47:57] [INFO] [app.services.file_search] FILE SEARCH STORE INITIALIZATION
[2025-11-30 16:47:57] [INFO] [app.services.file_search] ============================================================
[2025-11-30 16:47:57] [INFO] [app.services.file_search] Creating new File Search Store...
[2025-11-30 16:47:57] [ERROR] [app.services.file_search] Failed to create File Search Store: 'Client' object has no attribute 'file_search_stores'
File search failed, proceeding without AAOIFI context: File Search Store not initialized.
Analysis failed for session d0293699-cf05-4ca3-b40e-ab85e985bb35: '\n    "term_id"'
Traceback (most recent call last):
  File "C:\Users\Mostafa\Downloads\BackEnd (Restrycterd+newENdPoints)\BackEnd\app\routes\analysis_upload.py", line 206, in analyze_file
    formatted_sys_prompt = sys_prompt.format(
                           ^^^^^^^^^^^^^^^^^^
KeyError: '\n    "term_id"'
127.0.0.1 - - [30/Nov/2025 16:47:57] "POST /analyze HTTP/1.1" 500 -